<?xml version="1.0" encoding="UTF-8"?>
<!-- Generated by org.testng.reporters.JUnitReportReporter -->
<testsuite hostname="LIN24003364" failures="0" tests="1" name="LoginTest" time="0.708" errors="0" timestamp="2023-08-23T15:19:39 IST" skipped="0">
  <testcase classname="LoginTest" name="Test1" time="0.708"/>
</testsuite> <!-- LoginTest -->
