<?xml version="1.0" encoding="UTF-8"?>
<!-- Generated by org.testng.reporters.JUnitReportReporter -->
<testsuite hostname="LIN24003364" failures="0" tests="1" name="com.testng.VerifyLog" time="19.723" errors="0" timestamp="2023-08-24T17:18:55 IST" skipped="0">
  <testcase classname="com.testng.VerifyLog" name="testLog" time="19.723"/>
</testsuite> <!-- com.testng.VerifyLog -->
