<?xml version="1.0" encoding="UTF-8"?>
<!-- Generated by org.testng.reporters.JUnitReportReporter -->
<testsuite hostname="LIN24003364" failures="0" tests="1" name="MyTest" time="0.031" errors="0" timestamp="2023-08-23T15:26:24 IST" skipped="0">
  <testcase classname="MyTest" name="f" time="0.031"/>
</testsuite> <!-- MyTest -->
