<?xml version="1.0" encoding="UTF-8"?>
<!-- Generated by org.testng.reporters.JUnitReportReporter -->
<testsuite hostname="LIN24003364" failures="0" tests="6" name="Wait1Test" time="0.031" errors="0" timestamp="2023-08-23T14:51:38 IST" skipped="1">
  <testcase classname="Wait1Test" name="log" time="0.002"/>
  <testcase classname="Wait1Test" name="log" time="0.017"/>
  <testcase classname="Wait1Test" name="log" time="0.003"/>
  <testcase classname="Wait1Test" name="search" time="0.002"/>
  <testcase classname="Wait1Test" name="addtocart" time="0.007"/>
  <testcase classname="Wait1Test" name="checkout">
    <skipped/>
  </testcase> <!-- checkout -->
</testsuite> <!-- Wait1Test -->
