<?xml version="1.0" encoding="UTF-8"?>
<!-- Generated by org.testng.reporters.JUnitReportReporter -->
<testsuite hostname="LIN24003364" failures="0" tests="3" name="com.testng.Login2Test" time="68.163" errors="0" timestamp="2023-08-24T11:23:21 IST" skipped="0">
  <testcase classname="com.testng.Login2Test" name="testlog" time="21.252"/>
  <testcase classname="com.testng.Login2Test" name="testlog" time="21.265"/>
  <testcase classname="com.testng.Login2Test" name="testlog" time="25.646"/>
</testsuite> <!-- com.testng.Login2Test -->
