<?xml version="1.0" encoding="UTF-8"?>
<!-- Generated by org.testng.reporters.JUnitReportReporter -->
<testsuite hostname="LIN24003364" failures="0" tests="1" name="com.testng.TaskFactoryTest" time="0.024" errors="0" timestamp="2023-08-25T09:24:50 IST" skipped="0">
  <testcase classname="com.testng.TaskFactoryTest" name="f" time="0.024"/>
</testsuite> <!-- com.testng.TaskFactoryTest -->
