<?xml version="1.0" encoding="UTF-8"?>
<!-- Generated by org.testng.reporters.JUnitReportReporter -->
<testsuite hostname="LIN24003364" failures="0" tests="1" name="Runner.TestRunner" time="16.625" errors="0" timestamp="2023-08-30T09:21:43 IST" skipped="0">
  <testcase classname="Runner.TestRunner" name="runScenario" time="16.625"/>
</testsuite> <!-- Runner.TestRunner -->
