<?xml version="1.0" encoding="UTF-8"?>
<!-- Generated by org.testng.reporters.JUnitReportReporter -->
<testsuite hostname="LIN24003364" failures="0" tests="2" name="com.testng.CrossBrowser" time="2.985" errors="0" timestamp="2023-08-24T14:54:18 IST" skipped="0">
  <testcase classname="com.testng.CrossBrowser" name="imageClick" time="1.565"/>
  <testcase classname="com.testng.CrossBrowser" name="imageClick" time="1.420"/>
</testsuite> <!-- com.testng.CrossBrowser -->
