<?xml version="1.0" encoding="UTF-8"?>
<!-- Generated by org.testng.reporters.JUnitReportReporter -->
<testsuite hostname="LIN24003364" failures="0" tests="1" name="com.testng.RepoTest" time="12.193" errors="0" timestamp="2023-08-25T11:57:23 IST" skipped="0">
  <testcase classname="com.testng.RepoTest" name="testobj" time="12.193"/>
</testsuite> <!-- com.testng.RepoTest -->
