<?xml version="1.0" encoding="UTF-8"?>
<!-- Generated by org.testng.reporters.JUnitReportReporter -->
<testsuite hostname="LIN24003364" failures="0" tests="1" name="NewTest" time="12.528" errors="0" timestamp="2023-08-23T14:24:57 IST" skipped="0">
  <testcase classname="NewTest" name="firstMethod" time="12.528"/>
</testsuite> <!-- NewTest -->
