<?xml version="1.0" encoding="UTF-8"?>
<!-- Generated by org.testng.reporters.JUnitReportReporter -->
<testsuite hostname="LIN24003364" failures="0" tests="7" name="PriorityTest" time="0.043" errors="0" timestamp="2023-08-23T16:36:28 IST" skipped="2">
  <testcase classname="PriorityTest" name="log" time="0.025"/>
  <testcase classname="PriorityTest" name="log" time="0.005"/>
  <testcase classname="PriorityTest" name="log" time="0.006"/>
  <testcase classname="PriorityTest" name="search" time="0.004"/>
  <testcase classname="PriorityTest" name="addtocart" time="0.003"/>
  <testcase classname="PriorityTest" name="checkout">
    <skipped/>
  </testcase> <!-- checkout -->
  <testcase classname="PriorityTest" name="checkout">
    <skipped/>
  </testcase> <!-- checkout -->
</testsuite> <!-- PriorityTest -->
