<?xml version="1.0" encoding="UTF-8"?>
<!-- Generated by org.testng.reporters.JUnitReportReporter -->
<testsuite hostname="LIN24003364" failures="0" tests="1" name="com.testng.ExtentReportDemo" time="18.667" errors="0" timestamp="2023-08-25T15:11:51 IST" skipped="0">
  <testcase classname="com.testng.ExtentReportDemo" name="verifyTitle" time="18.667"/>
</testsuite> <!-- com.testng.ExtentReportDemo -->
