<?xml version="1.0" encoding="UTF-8"?>
<!-- Generated by org.testng.reporters.JUnitReportReporter -->
<testsuite hostname="LIN24003364" failures="0" tests="1" name="com.testng.LoginPF" time="15.189" errors="0" timestamp="2023-08-28T12:21:03 IST" skipped="0">
  <testcase classname="com.testng.LoginPF" name="verifyswag" time="15.189"/>
</testsuite> <!-- com.testng.LoginPF -->
