<?xml version="1.0" encoding="UTF-8"?>
<!-- Generated by org.testng.reporters.JUnitReportReporter -->
<testsuite hostname="LIN24003364" failures="0" tests="1" name="com.testng.LoginTest" time="2.063" errors="0" timestamp="2023-08-24T09:44:26 IST" skipped="0">
  <testcase classname="com.testng.LoginTest" name="test1" time="2.063"/>
</testsuite> <!-- com.testng.LoginTest -->
